[36m--[0m Using CATKIN_DEVEL_PREFIX: /home/zyk/all_example/example_ws/devel/.private/catkin_example1
[36m--[0m Using CMAKE_PREFIX_PATH: /home/zyk/all_example/example_ws/devel;/home/zyk/catin_ws/devel;/home/zyk/rm_ws/devel;/home/zyk/rm_ws/src/devel;/home/zyk/svm_code/svm6/devel;/home/zyk/svm_code/svm5/devel;/home/zyk/svm_code/svm3/devel;/opt/ros/melodic;/home/zyk/svm_code/svm4/devel
[36m--[0m This workspace overlays: /home/zyk/all_example/example_ws/devel;/home/zyk/catin_ws/devel;/home/zyk/rm_ws/devel;/home/zyk/rm_ws/src/devel;/home/zyk/svm_code/svm6/devel;/home/zyk/svm_code/svm5/devel;/home/zyk/svm_code/svm3/devel;/opt/ros/melodic
[36m--[0m Found PythonInterp: /usr/bin/python2 (found suitable version "2.7.17", minimum required is "2")
[36m--[0m Using PYTHON_EXECUTABLE: /usr/bin/python2
[36m--[0m Using Debian Python package layout
[36m--[0m Using empy: /usr/bin/empy
[36m--[0m Using CATKIN_ENABLE_TESTING: ON
[36m--[0m Call enable_testing()
[36m--[0m Using CATKIN_TEST_RESULTS_DIR: /home/zyk/all_example/example_ws/build/catkin_example1/test_results
[36m--[0m Found gtest sources under '/usr/src/googletest': gtests will be built
[36m--[0m Found gmock sources under '/usr/src/googletest': gmock will be built
[36m--[0m Found PythonInterp: /usr/bin/python2 (found version "2.7.17")
[36m--[0m Using Python nosetests: /usr/bin/nosetests-2.7
[36m--[0m catkin 0.7.29
[36m--[0m BUILD_SHARED_LIBS is on
[36m--[0m Found OpenCV: /opt/intel/openvino_2021.4.582/opencv (found version "4.5.3")
[36m--[0m Boost version: 1.65.1
[36m--[0m Configuring done
[36m--[0m Generating done
[36m--[0m Build files have been written to: /home/zyk/all_example/example_ws/build/catkin_example1
